<?xml version="1.0" encoding="UTF-8"?>
<testsuite name="org.mines.examples.OptionalExample" tests="2" skipped="0" failures="0" errors="0" timestamp="2024-04-12T12:56:28" hostname="LAPTOP-KESRG1B1" time="0.003">
  <properties/>
  <testcase name="shouldNotThrowNullPointerException()" classname="org.mines.examples.OptionalExample" time="0.001"/>
  <testcase name="shouldThrowNullPointerException()" classname="org.mines.examples.OptionalExample" time="0.001"/>
  <system-out><![CDATA[]]></system-out>
  <system-err><![CDATA[]]></system-err>
</testsuite>
