<?xml version="1.0" encoding="UTF-8"?>
<testsuite name="org.mines.examples.patterns.ObserverTest" tests="1" skipped="0" failures="0" errors="0" timestamp="2024-04-16T14:31:35" hostname="LAPTOP-KESRG1B1" time="0.001">
  <properties/>
  <testcase name="shouldObserve()" classname="org.mines.examples.patterns.ObserverTest" time="0.001"/>
  <system-out><![CDATA[Do something useful
]]></system-out>
  <system-err><![CDATA[]]></system-err>
</testsuite>
