<?xml version="1.0" encoding="UTF-8"?>
<testsuite name="org.address.infrastructure.RestorantRepositoryAdapterTest" tests="1" skipped="0" failures="0" errors="0" timestamp="2024-04-16T09:50:30" hostname="LAPTOP-KESRG1B1" time="0.04">
  <properties/>
  <testcase name="selectAll()" classname="org.address.infrastructure.RestorantRepositoryAdapterTest" time="0.04"/>
  <system-out><![CDATA[Standard Commons Logging discovery in action with spring-jcl: please remove commons-logging.jar from classpath in order to avoid potential conflicts
11:50:27,978 |-INFO in ch.qos.logback.classic.LoggerContext[default] - This is logback-classic version 1.4.14
11:50:27,982 |-INFO in ch.qos.logback.classic.util.ContextInitializer@41a374be - Here is a list of configurators discovered as a service, by rank: 
11:50:27,982 |-INFO in ch.qos.logback.classic.util.ContextInitializer@41a374be -   org.springframework.boot.logging.logback.RootLogLevelConfigurator
11:50:27,982 |-INFO in ch.qos.logback.classic.util.ContextInitializer@41a374be - They will be invoked in order until ExecutionStatus.DO_NOT_INVOKE_NEXT_IF_ANY is returned.
11:50:27,982 |-INFO in ch.qos.logback.classic.util.ContextInitializer@41a374be - Constructed configurator of type class org.springframework.boot.logging.logback.RootLogLevelConfigurator
11:50:27,991 |-INFO in ch.qos.logback.classic.util.ContextInitializer@41a374be - org.springframework.boot.logging.logback.RootLogLevelConfigurator.configure() call lasted 1 milliseconds. ExecutionStatus=INVOKE_NEXT_IF_ANY
11:50:27,991 |-INFO in ch.qos.logback.classic.util.ContextInitializer@41a374be - Trying to configure with ch.qos.logback.classic.joran.SerializedModelConfigurator
11:50:27,992 |-INFO in ch.qos.logback.classic.util.ContextInitializer@41a374be - Constructed configurator of type class ch.qos.logback.classic.joran.SerializedModelConfigurator
11:50:27,994 |-INFO in ch.qos.logback.classic.LoggerContext[default] - Could NOT find resource [logback-test.scmo]
11:50:27,994 |-INFO in ch.qos.logback.classic.LoggerContext[default] - Could NOT find resource [logback.scmo]
11:50:27,994 |-INFO in ch.qos.logback.classic.util.ContextInitializer@41a374be - ch.qos.logback.classic.joran.SerializedModelConfigurator.configure() call lasted 2 milliseconds. ExecutionStatus=INVOKE_NEXT_IF_ANY
11:50:27,994 |-INFO in ch.qos.logback.classic.util.ContextInitializer@41a374be - Trying to configure with ch.qos.logback.classic.util.DefaultJoranConfigurator
11:50:27,996 |-INFO in ch.qos.logback.classic.util.ContextInitializer@41a374be - Constructed configurator of type class ch.qos.logback.classic.util.DefaultJoranConfigurator
11:50:27,996 |-INFO in ch.qos.logback.classic.LoggerContext[default] - Could NOT find resource [logback-test.xml]
11:50:27,998 |-INFO in ch.qos.logback.classic.LoggerContext[default] - Found resource [logback.xml] at [file:/E:/TPCodeOpti/addressApp.tar-1.0.0-SNAPSHOT/addressApp/address-app/infrastructure/build/resources/test/logback.xml]
11:50:28,069 |-WARN in ch.qos.logback.core.joran.action.IncludeAction - Could not find resource corresponding to [/org/springframework/boot/logging/logback/base.xml]
11:50:28,129 |-INFO in ch.qos.logback.core.model.processor.AppenderModelHandler - Processing appender named [STDOUT]
11:50:28,129 |-INFO in ch.qos.logback.core.model.processor.AppenderModelHandler - About to instantiate appender of type [ch.qos.logback.core.ConsoleAppender]
11:50:28,142 |-INFO in ch.qos.logback.core.model.processor.ImplicitModelHandler - Assuming default type [ch.qos.logback.classic.encoder.PatternLayoutEncoder] for [encoder] property
11:50:28,192 |-INFO in ch.qos.logback.classic.model.processor.RootLoggerModelHandler - Setting level of ROOT logger to ERROR
11:50:28,193 |-INFO in ch.qos.logback.core.model.processor.AppenderRefModelHandler - Attaching appender named [STDOUT] to Logger[ROOT]
11:50:28,194 |-INFO in ch.qos.logback.core.model.processor.DefaultProcessor@11f9535b - End of configuration.
11:50:28,195 |-INFO in ch.qos.logback.classic.joran.JoranConfigurator@8cc8cdb - Registering current configuration as safe fallback point
11:50:28,195 |-INFO in ch.qos.logback.classic.util.ContextInitializer@41a374be - ch.qos.logback.classic.util.DefaultJoranConfigurator.configure() call lasted 199 milliseconds. ExecutionStatus=DO_NOT_INVOKE_NEXT_IF_ANY

]]></system-out>
  <system-err><![CDATA[]]></system-err>
</testsuite>
