<?xml version="1.0" encoding="UTF-8"?>
<testsuite name="org.mines.address.domain.service.PeopleServiceTest" tests="1" skipped="0" failures="1" errors="0" timestamp="2024-04-16T14:31:38" hostname="LAPTOP-KESRG1B1" time="1.029">
  <properties/>
  <testcase name="shouldSaveAPeople()" classname="org.mines.address.domain.service.PeopleServiceTest" time="1.029">
    <failure message="java.lang.NullPointerException: Cannot invoke &quot;org.mines.address.port.driven.PeopleRepositoryPort.insert(org.mines.address.domain.model.People)&quot; because &quot;this.peopleRepositoryPort&quot; is null" type="java.lang.NullPointerException">java.lang.NullPointerException: Cannot invoke &quot;org.mines.address.port.driven.PeopleRepositoryPort.insert(org.mines.address.domain.model.People)&quot; because &quot;this.peopleRepositoryPort&quot; is null
	at org.mines.address.domain.service.PeopleServiceTest.shouldSaveAPeople(PeopleServiceTest.java:44)
	at java.base/java.lang.reflect.Method.invoke(Method.java:580)
	at java.base/java.util.ArrayList.forEach(ArrayList.java:1596)
	at java.base/java.util.ArrayList.forEach(ArrayList.java:1596)
</failure>
  </testcase>
  <system-out><![CDATA[]]></system-out>
  <system-err><![CDATA[WARNING: A Java agent has been loaded dynamically (C:\Users\Gab\.gradle\caches\modules-2\files-2.1\net.bytebuddy\byte-buddy-agent\1.14.11\f9cb566608fbac6bc7bf54901a7aa11543a989ee\byte-buddy-agent-1.14.11.jar)
WARNING: If a serviceability tool is in use, please run with -XX:+EnableDynamicAgentLoading to hide this warning
WARNING: If a serviceability tool is not in use, please run with -Djdk.instrument.traceUsage for more information
WARNING: Dynamic loading of agents will be disallowed by default in a future release
]]></system-err>
</testsuite>
