<?xml version="1.0" encoding="UTF-8"?>
<testsuite name="org.mines.address.domain.service.MealServiceTest" tests="1" skipped="0" failures="0" errors="0" timestamp="2024-04-16T14:31:39" hostname="LAPTOP-KESRG1B1" time="0.044">
  <properties/>
  <testcase name="shouldSaveAMeal()" classname="org.mines.address.domain.service.MealServiceTest" time="0.044"/>
  <system-out><![CDATA[]]></system-out>
  <system-err><![CDATA[]]></system-err>
</testsuite>
