<?xml version="1.0" encoding="UTF-8"?>
<testsuite name="org.mines.address.domain.service.AddressServiceTest" tests="2" skipped="0" failures="0" errors="0" timestamp="2024-04-16T14:31:39" hostname="LAPTOP-KESRG1B1" time="0.09">
  <properties/>
  <testcase name="shouldNotSaveAddressWhenTownDoesNotExist()" classname="org.mines.address.domain.service.AddressServiceTest" time="0.084"/>
  <testcase name="shouldSaveAnAddress()" classname="org.mines.address.domain.service.AddressServiceTest" time="0.005"/>
  <system-out><![CDATA[]]></system-out>
  <system-err><![CDATA[]]></system-err>
</testsuite>
